<?xml version="1.0" encoding="UTF-8"?>
<testng-results skipped="0" failed="0" ignored="0" total="1" passed="1">
  <reporter-output>
  </reporter-output>
  <suite name="Default suite" duration-ms="2257" started-at="2021-06-10T09:40:37 IST" finished-at="2021-06-10T09:40:39 IST">
    <groups>
    </groups>
    <test name="Default test" duration-ms="2257" started-at="2021-06-10T09:40:37 IST" finished-at="2021-06-10T09:40:39 IST">
      <class name="verifyUserAPIWithBlank">
        <test-method status="PASS" signature="loadXMLData()[pri:0, instance:verifyUserAPIWithBlank@4e7dc304]" name="loadXMLData" is-config="true" duration-ms="20" started-at="2021-06-10T09:40:37 IST" finished-at="2021-06-10T09:40:37 IST">
          <reporter-output>
          </reporter-output>
        </test-method> <!-- loadXMLData -->
        <test-method status="PASS" signature="verifyUserCreateWithBlankData()[pri:0, instance:verifyUserAPIWithBlank@4e7dc304]" name="verifyUserCreateWithBlankData" duration-ms="2234" started-at="2021-06-10T09:40:37 IST" finished-at="2021-06-10T09:40:39 IST">
          <reporter-output>
          </reporter-output>
        </test-method> <!-- verifyUserCreateWithBlankData -->
      </class> <!-- verifyUserAPIWithBlank -->
    </test> <!-- Default test -->
  </suite> <!-- Default suite -->
</testng-results>
